<?xml version="1.0" encoding="UTF-8"?>
<testng-results ignored="0" total="2" passed="2" failed="0" skipped="0">
  <reporter-output>
  </reporter-output>
  <suite started-at="2022-10-20T20:07:35 IST" name="Suite" finished-at="2022-10-20T20:08:01 IST" duration-ms="25986">
    <groups>
    </groups>
    <test started-at="2022-10-20T20:07:35 IST" name="Test" finished-at="2022-10-20T20:08:01 IST" duration-ms="25986">
      <class name="com.capstone.AadharRegister">
        <test-method signature="ChromeBrowser()[pri:0, instance:com.capstone.AadharRegister@140c9f39]" started-at="2022-10-20T20:07:35 IST" name="ChromeBrowser" finished-at="2022-10-20T20:07:48 IST" duration-ms="13313" status="PASS">
          <reporter-output>
          </reporter-output>
        </test-method> <!-- ChromeBrowser -->
        <test-method signature="TestHome()[pri:0, instance:com.capstone.AadharRegister@140c9f39]" started-at="2022-10-20T20:07:48 IST" name="TestHome" finished-at="2022-10-20T20:08:01 IST" duration-ms="12589" status="PASS">
          <reporter-output>
          </reporter-output>
        </test-method> <!-- TestHome -->
      </class> <!-- com.capstone.AadharRegister -->
    </test> <!-- Test -->
  </suite> <!-- Suite -->
</testng-results>
